2025-11-04 17:48:48,096 - INFO - ============================================================
2025-11-04 17:48:48,096 - INFO - 🚀 开始缺陷预测数据集预处理流程
2025-11-04 17:48:48,096 - INFO - ============================================================
2025-11-04 17:48:48,096 - INFO - 更新仓库: ./avro_repo
2025-11-04 17:48:50,073 - INFO - ✅ 时间节点配置完成
2025-11-04 17:48:50,073 - INFO - 目标早期版本: release-1.7.0
2025-11-04 17:48:50,073 - INFO - 对应Commit哈希: 45af853873551ab8fceca5bc43cdf5e742c1080e
2025-11-04 17:48:50,073 - INFO - 时间节点: 2012-06-11 19:41:35
2025-11-04 17:48:50,108 - INFO - ✅ 时间节点时存在 1237 个文件
2025-11-04 17:48:50,108 - INFO - 📊 开始计算时间节点前的特征...
2025-11-04 17:48:50,367 - INFO - 加载JIRA Bug数据: 1000 个Bug
2025-11-04 17:49:10,210 - INFO - 📊 特征计算完成
2025-11-04 17:49:10,210 - INFO - 遍历节点前提交数: 0
2025-11-04 17:49:10,210 - INFO - 匹配到的文件变更次数: 0
2025-11-04 17:49:10,210 - INFO - 有变更记录的文件数: 0
2025-11-04 17:49:10,490 - INFO - 🏷️  开始标注时间节点后的Bug标签...
2025-11-04 17:55:16,972 - INFO - 🏷️  标签标注完成
2025-11-04 17:55:16,972 - INFO - 遍历节点后提交数: 4821
2025-11-04 17:55:16,972 - INFO - Bug修复提交数: 518
2025-11-04 17:55:16,972 - INFO - 分类标签分布: Bug文件 605 个，非Bug文件 632 个
2025-11-04 17:55:16,972 - INFO - 类别不平衡比例: 1.0:1（非Bug:Bug）
2025-11-04 17:55:16,972 - INFO - 📝 生成训练数据集...
2025-11-04 17:55:34,301 - INFO - ✅ 训练数据集生成完成！
2025-11-04 17:55:34,301 - INFO - 数据集路径: ./defect_prediction_dataset.csv
2025-11-04 17:55:34,301 - INFO - 有效样本数: 1235 行
2025-11-04 17:55:34,301 - INFO - 特征数: 8 个（不含文件名和标签）
2025-11-04 17:55:34,301 - INFO - 
数据集预览（前5行）:
2025-11-04 17:55:34,307 - INFO -                                                              filename  ChangeRate  LOC  is_buggy  bug_count
                      lang/csharp/src/apache/main/IO/BinaryEncoder.cs           0  190         1          4
                                       lang/c/examples/CMakeLists.txt           0   32         0          0
  lang/c/jansson/test/suites/invalid-unicode/lone-invalid-utf-8/input           0    1         0          0
lang/java/avro/src/main/java/org/apache/avro/file/DataFileReader.java           0  251         1          6
                                       lang/c++/test/DataFileTests.cc           0  366         1          1
2025-11-04 17:55:34,307 - INFO - 
📈 数据集统计信息:
2025-11-04 17:55:34,310 - INFO - 分类标签分布: {0: 630, 1: 605}（0=非Bug，1=Bug）
2025-11-04 17:55:34,310 - INFO - 回归标签统计: 平均Bug数=2.02，最大Bug数=102
2025-11-04 17:55:34,310 - INFO - 类别不平衡比例: 1.0:1（非Bug:Bug）
2025-11-04 17:55:34,311 - INFO - ============================================================
2025-11-04 17:55:34,311 - INFO - 🎉 预处理流程全部完成！数据集可直接用于模型训练
2025-11-04 17:55:34,311 - INFO - ============================================================
